<?xml version="1.0" encoding="UTF-8"?>
<testsuite name="com.theironyard.SurfSupApplicationTests" tests="3" skipped="0" failures="0" errors="0" timestamp="2016-04-13T18:32:25" hostname="Noelle-Machins-MacBook-Pro.local" time="1.706">
  <properties/>
  <testcase name="test1createUser" classname="com.theironyard.SurfSupApplicationTests" time="1.487"/>
  <testcase name="test2login" classname="com.theironyard.SurfSupApplicationTests" time="0.202"/>
  <testcase name="test3logout" classname="com.theironyard.SurfSupApplicationTests" time="0.014"/>
  <system-out><![CDATA[14:32:14.214 [Test worker] DEBUG o.s.t.c.j.SpringJUnit4ClassRunner - SpringJUnit4ClassRunner constructor called with [class com.theironyard.SurfSupApplicationTests]
14:32:14.221 [Test worker] DEBUG o.s.test.context.BootstrapUtils - Instantiating CacheAwareContextLoaderDelegate from class [org.springframework.test.context.cache.DefaultCacheAwareContextLoaderDelegate]
14:32:14.226 [Test worker] DEBUG o.s.test.context.BootstrapUtils - Instantiating BootstrapContext using constructor [public org.springframework.test.context.support.DefaultBootstrapContext(java.lang.Class,org.springframework.test.context.CacheAwareContextLoaderDelegate)]
14:32:14.241 [Test worker] DEBUG o.s.test.context.BootstrapUtils - Instantiating TestContextBootstrapper for test class [com.theironyard.SurfSupApplicationTests] from class [org.springframework.test.context.web.WebTestContextBootstrapper]
14:32:14.272 [Test worker] DEBUG o.s.t.c.w.WebTestContextBootstrapper - Found explicit ContextLoader class [org.springframework.boot.test.SpringApplicationContextLoader] for context configuration attributes [ContextConfigurationAttributes@604f9247 declaringClass = 'com.theironyard.SurfSupApplicationTests', classes = '{class com.theironyard.SurfSupApplication}', locations = '{}', inheritLocations = true, initializers = '{}', inheritInitializers = true, name = [null], contextLoaderClass = 'org.springframework.boot.test.SpringApplicationContextLoader']
14:32:14.283 [Test worker] DEBUG o.s.t.c.s.AbstractContextLoader - Did not detect default resource location for test class [com.theironyard.SurfSupApplicationTests]: class path resource [com/theironyard/SurfSupApplicationTests-context.xml] does not exist
14:32:14.283 [Test worker] DEBUG o.s.t.c.s.AbstractContextLoader - Did not detect default resource location for test class [com.theironyard.SurfSupApplicationTests]: class path resource [com/theironyard/SurfSupApplicationTestsContext.groovy] does not exist
14:32:14.284 [Test worker] INFO  o.s.t.c.s.AbstractContextLoader - Could not detect default resource locations for test class [com.theironyard.SurfSupApplicationTests]: no resource found for suffixes {-context.xml, Context.groovy}.
14:32:14.287 [Test worker] DEBUG o.s.t.c.support.ActiveProfilesUtils - Could not find an 'annotation declaring class' for annotation type [org.springframework.test.context.ActiveProfiles] and class [com.theironyard.SurfSupApplicationTests]
14:32:14.302 [Test worker] DEBUG o.s.t.c.w.WebTestContextBootstrapper - @TestExecutionListeners is not present for class [com.theironyard.SurfSupApplicationTests]: using defaults.
14:32:14.312 [Test worker] INFO  o.s.t.c.w.WebTestContextBootstrapper - Loaded default TestExecutionListener class names from location [META-INF/spring.factories]: [org.springframework.test.context.web.ServletTestExecutionListener, org.springframework.test.context.support.DirtiesContextBeforeModesTestExecutionListener, org.springframework.test.context.support.DependencyInjectionTestExecutionListener, org.springframework.test.context.support.DirtiesContextTestExecutionListener, org.springframework.test.context.transaction.TransactionalTestExecutionListener, org.springframework.test.context.jdbc.SqlScriptsTestExecutionListener]
14:32:14.352 [Test worker] INFO  o.s.t.c.w.WebTestContextBootstrapper - Using TestExecutionListeners: [org.springframework.test.context.web.ServletTestExecutionListener@185e8975, org.springframework.test.context.support.DirtiesContextBeforeModesTestExecutionListener@6868e6d3, org.springframework.test.context.support.DependencyInjectionTestExecutionListener@5619cfc5, org.springframework.test.context.support.DirtiesContextTestExecutionListener@4a6c42bc, org.springframework.test.context.transaction.TransactionalTestExecutionListener@26956fa5, org.springframework.test.context.jdbc.SqlScriptsTestExecutionListener@9e44bda]
14:32:14.358 [Test worker] DEBUG o.s.t.annotation.ProfileValueUtils - Retrieved @ProfileValueSourceConfiguration [null] for test class [com.theironyard.SurfSupApplicationTests]
14:32:14.359 [Test worker] DEBUG o.s.t.annotation.ProfileValueUtils - Retrieved ProfileValueSource type [class org.springframework.test.annotation.SystemProfileValueSource] for class [com.theironyard.SurfSupApplicationTests]
14:32:14.361 [Test worker] DEBUG o.s.t.annotation.ProfileValueUtils - Retrieved @ProfileValueSourceConfiguration [null] for test class [com.theironyard.SurfSupApplicationTests]
14:32:14.361 [Test worker] DEBUG o.s.t.annotation.ProfileValueUtils - Retrieved ProfileValueSource type [class org.springframework.test.annotation.SystemProfileValueSource] for class [com.theironyard.SurfSupApplicationTests]
14:32:14.368 [Test worker] DEBUG o.s.t.c.s.AbstractDirtiesContextTestExecutionListener - Before test class: context [DefaultTestContext@4f36978b testClass = SurfSupApplicationTests, testInstance = [null], testMethod = [null], testException = [null], mergedContextConfiguration = [WebMergedContextConfiguration@224e9bfe testClass = SurfSupApplicationTests, locations = '{}', classes = '{class com.theironyard.SurfSupApplication}', contextInitializerClasses = '[]', activeProfiles = '{}', propertySourceLocations = '{}', propertySourceProperties = '{}', resourceBasePath = 'src/main/webapp', contextLoader = 'org.springframework.boot.test.SpringApplicationContextLoader', parent = [null]]], class annotated with @DirtiesContext [false] with mode [null].
14:32:14.370 [Test worker] DEBUG o.s.t.annotation.ProfileValueUtils - Retrieved @ProfileValueSourceConfiguration [null] for test class [com.theironyard.SurfSupApplicationTests]
14:32:14.370 [Test worker] DEBUG o.s.t.annotation.ProfileValueUtils - Retrieved ProfileValueSource type [class org.springframework.test.annotation.SystemProfileValueSource] for class [com.theironyard.SurfSupApplicationTests]
14:32:14.503 [Test worker] DEBUG o.s.core.env.StandardEnvironment - Adding [systemProperties] PropertySource with lowest search precedence
14:32:14.505 [Test worker] DEBUG o.s.core.env.StandardEnvironment - Adding [systemEnvironment] PropertySource with lowest search precedence
14:32:14.506 [Test worker] DEBUG o.s.core.env.StandardEnvironment - Initialized StandardEnvironment with PropertySources [systemProperties,systemEnvironment]
14:32:14.507 [Test worker] DEBUG o.s.core.env.StandardEnvironment - Adding [integrationTest] PropertySource with search precedence immediately lower than [systemEnvironment]

  .   ____          _            __ _ _
 /\\ / ___'_ __ _ _(_)_ __  __ _ \ \ \ \
( ( )\___ | '_ | '_| | '_ \/ _` | \ \ \ \
 \\/  ___)| |_)| | | | | || (_| |  ) ) ) )
  '  |____| .__|_| |_|_| |_\__, | / / / /
 =========|_|==============|___/=/_/_/_/
 :: Spring Boot ::        (v1.3.3.RELEASE)

2016-04-13 14:32:15.244  INFO 13372 --- [    Test worker] com.theironyard.SurfSupApplicationTests  : Starting SurfSupApplicationTests on Noelle-Machins-MacBook-Pro.local with PID 13372 (/Users/noellemachin/Desktop/TIY/SurfSUP/build/classes/test started by noellemachin in /Users/noellemachin/Desktop/TIY/SurfSUP)
2016-04-13 14:32:15.245  INFO 13372 --- [    Test worker] com.theironyard.SurfSupApplicationTests  : No active profile set, falling back to default profiles: default
2016-04-13 14:32:15.386  INFO 13372 --- [    Test worker] o.s.w.c.s.GenericWebApplicationContext   : Refreshing org.springframework.web.context.support.GenericWebApplicationContext@170f4bbc: startup date [Wed Apr 13 14:32:15 EDT 2016]; root of context hierarchy
2016-04-13 14:32:17.397  INFO 13372 --- [    Test worker] o.s.b.f.s.DefaultListableBeanFactory     : Overriding bean definition for bean 'beanNameViewResolver' with a different definition: replacing [Root bean: class [null]; scope=; abstract=false; lazyInit=false; autowireMode=3; dependencyCheck=0; autowireCandidate=true; primary=false; factoryBeanName=org.springframework.boot.autoconfigure.web.ErrorMvcAutoConfiguration$WhitelabelErrorViewConfiguration; factoryMethodName=beanNameViewResolver; initMethodName=null; destroyMethodName=(inferred); defined in class path resource [org/springframework/boot/autoconfigure/web/ErrorMvcAutoConfiguration$WhitelabelErrorViewConfiguration.class]] with [Root bean: class [null]; scope=; abstract=false; lazyInit=false; autowireMode=3; dependencyCheck=0; autowireCandidate=true; primary=false; factoryBeanName=org.springframework.boot.autoconfigure.web.WebMvcAutoConfiguration$WebMvcAutoConfigurationAdapter; factoryMethodName=beanNameViewResolver; initMethodName=null; destroyMethodName=(inferred); defined in class path resource [org/springframework/boot/autoconfigure/web/WebMvcAutoConfiguration$WebMvcAutoConfigurationAdapter.class]]
2016-04-13 14:32:18.349  INFO 13372 --- [    Test worker] trationDelegate$BeanPostProcessorChecker : Bean 'org.springframework.transaction.annotation.ProxyTransactionManagementConfiguration' of type [class org.springframework.transaction.annotation.ProxyTransactionManagementConfiguration$$EnhancerBySpringCGLIB$$307e05a9] is not eligible for getting processed by all BeanPostProcessors (for example: not eligible for auto-proxying)
2016-04-13 14:32:19.085  INFO 13372 --- [    Test worker] j.LocalContainerEntityManagerFactoryBean : Building JPA container EntityManagerFactory for persistence unit 'default'
2016-04-13 14:32:19.126  INFO 13372 --- [    Test worker] o.hibernate.jpa.internal.util.LogHelper  : HHH000204: Processing PersistenceUnitInfo [
	name: default
	...]
2016-04-13 14:32:19.285  INFO 13372 --- [    Test worker] org.hibernate.Version                    : HHH000412: Hibernate Core {4.3.11.Final}
2016-04-13 14:32:19.288  INFO 13372 --- [    Test worker] org.hibernate.cfg.Environment            : HHH000206: hibernate.properties not found
2016-04-13 14:32:19.293  INFO 13372 --- [    Test worker] org.hibernate.cfg.Environment            : HHH000021: Bytecode provider name : javassist
2016-04-13 14:32:19.724  INFO 13372 --- [    Test worker] o.hibernate.annotations.common.Version   : HCANN000001: Hibernate Commons Annotations {4.0.5.Final}
2016-04-13 14:32:20.142  INFO 13372 --- [    Test worker] org.hibernate.dialect.Dialect            : HHH000400: Using dialect: org.hibernate.dialect.H2Dialect
2016-04-13 14:32:20.459  INFO 13372 --- [    Test worker] o.h.h.i.ast.ASTQueryTranslatorFactory    : HHH000397: Using ASTQueryTranslatorFactory
2016-04-13 14:32:20.941  INFO 13372 --- [    Test worker] org.hibernate.tool.hbm2ddl.SchemaUpdate  : HHH000228: Running hbm2ddl schema update
2016-04-13 14:32:20.941  INFO 13372 --- [    Test worker] org.hibernate.tool.hbm2ddl.SchemaUpdate  : HHH000102: Fetching database metadata
2016-04-13 14:32:20.946  INFO 13372 --- [    Test worker] org.hibernate.tool.hbm2ddl.SchemaUpdate  : HHH000396: Updating schema
2016-04-13 14:32:20.957  INFO 13372 --- [    Test worker] java.sql.DatabaseMetaData                : HHH000262: Table not found: friends
2016-04-13 14:32:20.961  INFO 13372 --- [    Test worker] java.sql.DatabaseMetaData                : HHH000262: Table not found: joins
2016-04-13 14:32:20.963  INFO 13372 --- [    Test worker] java.sql.DatabaseMetaData                : HHH000262: Table not found: seshs
2016-04-13 14:32:20.964  INFO 13372 --- [    Test worker] java.sql.DatabaseMetaData                : HHH000262: Table not found: users
2016-04-13 14:32:20.968  INFO 13372 --- [    Test worker] java.sql.DatabaseMetaData                : HHH000262: Table not found: friends
2016-04-13 14:32:20.970  INFO 13372 --- [    Test worker] java.sql.DatabaseMetaData                : HHH000262: Table not found: joins
2016-04-13 14:32:20.972  INFO 13372 --- [    Test worker] java.sql.DatabaseMetaData                : HHH000262: Table not found: seshs
2016-04-13 14:32:20.974  INFO 13372 --- [    Test worker] java.sql.DatabaseMetaData                : HHH000262: Table not found: users
2016-04-13 14:32:20.975  INFO 13372 --- [    Test worker] java.sql.DatabaseMetaData                : HHH000262: Table not found: friends
2016-04-13 14:32:20.978  INFO 13372 --- [    Test worker] java.sql.DatabaseMetaData                : HHH000262: Table not found: joins
2016-04-13 14:32:20.980  INFO 13372 --- [    Test worker] java.sql.DatabaseMetaData                : HHH000262: Table not found: seshs
2016-04-13 14:32:20.982  INFO 13372 --- [    Test worker] java.sql.DatabaseMetaData                : HHH000262: Table not found: users
2016-04-13 14:32:21.040  INFO 13372 --- [    Test worker] org.hibernate.tool.hbm2ddl.SchemaUpdate  : HHH000232: Schema update complete
2016-04-13 14:32:22.676  INFO 13372 --- [    Test worker] o.s.b.f.config.PropertiesFactoryBean     : Loading properties file from class path resource [rest-default-messages.properties]
2016-04-13 14:32:23.980  INFO 13372 --- [    Test worker] s.w.s.m.m.a.RequestMappingHandlerAdapter : Looking for @ControllerAdvice: org.springframework.web.context.support.GenericWebApplicationContext@170f4bbc: startup date [Wed Apr 13 14:32:15 EDT 2016]; root of context hierarchy
2016-04-13 14:32:24.124  INFO 13372 --- [    Test worker] s.w.s.m.m.a.RequestMappingHandlerMapping : Mapped "{[/login],methods=[POST]}" onto public com.theironyard.entities.User com.theironyard.controllers.SurfSupController.login(com.theironyard.entities.User,javax.servlet.http.HttpSession) throws java.lang.Exception
2016-04-13 14:32:24.126  INFO 13372 --- [    Test worker] s.w.s.m.m.a.RequestMappingHandlerMapping : Mapped "{[/logout],methods=[GET]}" onto public void com.theironyard.controllers.SurfSupController.logout(javax.servlet.http.HttpSession)
2016-04-13 14:32:24.127  INFO 13372 --- [    Test worker] s.w.s.m.m.a.RequestMappingHandlerMapping : Mapped "{[/user],methods=[POST]}" onto public com.theironyard.entities.User com.theironyard.controllers.SurfSupController.createUser(com.theironyard.entities.User,javax.servlet.http.HttpSession) throws java.lang.Exception
2016-04-13 14:32:24.127  INFO 13372 --- [    Test worker] s.w.s.m.m.a.RequestMappingHandlerMapping : Mapped "{[/sesh],methods=[POST]}" onto public com.theironyard.entities.Sesh com.theironyard.controllers.SurfSupController.addSesh(com.theironyard.entities.Sesh,javax.servlet.http.HttpSession)
2016-04-13 14:32:24.128  INFO 13372 --- [    Test worker] s.w.s.m.m.a.RequestMappingHandlerMapping : Mapped "{[/upload],methods=[POST]}" onto public void com.theironyard.controllers.SurfSupController.addProfile(org.springframework.web.multipart.MultipartFile,javax.servlet.http.HttpSession) throws java.io.IOException
2016-04-13 14:32:24.128  INFO 13372 --- [    Test worker] s.w.s.m.m.a.RequestMappingHandlerMapping : Mapped "{[/friend],methods=[POST]}" onto public void com.theironyard.controllers.SurfSupController.createFriend(javax.servlet.http.HttpSession,java.lang.String) throws java.lang.Exception
2016-04-13 14:32:24.137  INFO 13372 --- [    Test worker] s.w.s.m.m.a.RequestMappingHandlerMapping : Mapped "{[/friend/friend],methods=[POST]}" onto public void com.theironyard.controllers.SurfSupController.acceptFriend(javax.servlet.http.HttpSession,java.lang.String) throws java.lang.Exception
2016-04-13 14:32:24.141  INFO 13372 --- [    Test worker] s.w.s.m.m.a.RequestMappingHandlerMapping : Mapped "{[//join/{userId}/{seshId}],methods=[POST]}" onto public void com.theironyard.controllers.SurfSupController.inviteFriendToJoin(int,int)
2016-04-13 14:32:24.142  INFO 13372 --- [    Test worker] s.w.s.m.m.a.RequestMappingHandlerMapping : Mapped "{[/sesh],methods=[GET]}" onto public java.util.List<com.theironyard.entities.Sesh> com.theironyard.controllers.SurfSupController.displayAllSesh()
2016-04-13 14:32:24.143  INFO 13372 --- [    Test worker] s.w.s.m.m.a.RequestMappingHandlerMapping : Mapped "{[/user/{id}/sesh],methods=[GET]}" onto public java.util.List<com.theironyard.entities.Sesh> com.theironyard.controllers.SurfSupController.displaySeshByUser(int)
2016-04-13 14:32:24.156  INFO 13372 --- [    Test worker] s.w.s.m.m.a.RequestMappingHandlerMapping : Mapped "{[/join/sesh/{id}],methods=[GET]}" onto public java.util.List<com.theironyard.entities.User> com.theironyard.controllers.SurfSupController.displayUserBySesh(int)
2016-04-13 14:32:24.157  INFO 13372 --- [    Test worker] s.w.s.m.m.a.RequestMappingHandlerMapping : Mapped "{[/user],methods=[GET]}" onto public java.util.List<com.theironyard.entities.User> com.theironyard.controllers.SurfSupController.displayUser(javax.servlet.http.HttpSession)
2016-04-13 14:32:24.158  INFO 13372 --- [    Test worker] s.w.s.m.m.a.RequestMappingHandlerMapping : Mapped "{[/friend],methods=[GET]}" onto public java.util.List<com.theironyard.entities.User> com.theironyard.controllers.SurfSupController.friendList(javax.servlet.http.HttpSession)
2016-04-13 14:32:24.160  INFO 13372 --- [    Test worker] s.w.s.m.m.a.RequestMappingHandlerMapping : Mapped "{[/requestAmt],methods=[GET]}" onto public int com.theironyard.controllers.SurfSupController.friendRequestsAmt(javax.servlet.http.HttpSession)
2016-04-13 14:32:24.160  INFO 13372 --- [    Test worker] s.w.s.m.m.a.RequestMappingHandlerMapping : Mapped "{[/requests],methods=[GET]}" onto public java.util.List<com.theironyard.entities.User> com.theironyard.controllers.SurfSupController.friendRequests(javax.servlet.http.HttpSession)
2016-04-13 14:32:24.161  INFO 13372 --- [    Test worker] s.w.s.m.m.a.RequestMappingHandlerMapping : Mapped "{[/user/{id}],methods=[GET]}" onto public com.theironyard.entities.User com.theironyard.controllers.SurfSupController.showProfile(int)
2016-04-13 14:32:24.161  INFO 13372 --- [    Test worker] s.w.s.m.m.a.RequestMappingHandlerMapping : Mapped "{[/sesh{id}],methods=[GET]}" onto public java.util.List<com.theironyard.entities.User> com.theironyard.controllers.SurfSupController.joinedUsers(int)
2016-04-13 14:32:24.162  INFO 13372 --- [    Test worker] s.w.s.m.m.a.RequestMappingHandlerMapping : Mapped "{[/sesh],methods=[PUT]}" onto public void com.theironyard.controllers.SurfSupController.editSesh(com.theironyard.entities.Sesh)
2016-04-13 14:32:24.167  INFO 13372 --- [    Test worker] s.w.s.m.m.a.RequestMappingHandlerMapping : Mapped "{[/sesh/{id}],methods=[PUT]}" onto public void com.theironyard.controllers.SurfSupController.editSesh2(com.theironyard.entities.Sesh,int)
2016-04-13 14:32:24.168  INFO 13372 --- [    Test worker] s.w.s.m.m.a.RequestMappingHandlerMapping : Mapped "{[/sesh/{id}],methods=[DELETE]}" onto public void com.theironyard.controllers.SurfSupController.deleteSesh(int)
2016-04-13 14:32:24.169  INFO 13372 --- [    Test worker] s.w.s.m.m.a.RequestMappingHandlerMapping : Mapped "{[/friend/{id}],methods=[DELETE]}" onto public void com.theironyard.controllers.SurfSupController.removeFriend(int)
2016-04-13 14:32:24.169  INFO 13372 --- [    Test worker] s.w.s.m.m.a.RequestMappingHandlerMapping : Mapped "{[/deny/{id}],methods=[DELETE]}" onto public void com.theironyard.controllers.SurfSupController.denyFriendRequest(int,javax.servlet.http.HttpSession)
2016-04-13 14:32:24.202  INFO 13372 --- [    Test worker] s.w.s.m.m.a.RequestMappingHandlerMapping : Mapped "{[/error]}" onto public org.springframework.http.ResponseEntity<java.util.Map<java.lang.String, java.lang.Object>> org.springframework.boot.autoconfigure.web.BasicErrorController.error(javax.servlet.http.HttpServletRequest)
2016-04-13 14:32:24.204  INFO 13372 --- [    Test worker] s.w.s.m.m.a.RequestMappingHandlerMapping : Mapped "{[/error],produces=[text/html]}" onto public org.springframework.web.servlet.ModelAndView org.springframework.boot.autoconfigure.web.BasicErrorController.errorHtml(javax.servlet.http.HttpServletRequest,javax.servlet.http.HttpServletResponse)
2016-04-13 14:32:24.280  INFO 13372 --- [    Test worker] o.s.w.s.handler.SimpleUrlHandlerMapping  : Mapped URL path [/webjars/**] onto handler of type [class org.springframework.web.servlet.resource.ResourceHttpRequestHandler]
2016-04-13 14:32:24.280  INFO 13372 --- [    Test worker] o.s.w.s.handler.SimpleUrlHandlerMapping  : Mapped URL path [/**] onto handler of type [class org.springframework.web.servlet.resource.ResourceHttpRequestHandler]
2016-04-13 14:32:24.314  INFO 13372 --- [    Test worker] .m.m.a.ExceptionHandlerExceptionResolver : Detected @ExceptionHandler methods in repositoryRestExceptionHandler
2016-04-13 14:32:24.354  INFO 13372 --- [    Test worker] o.s.w.s.handler.SimpleUrlHandlerMapping  : Mapped URL path [/**/favicon.ico] onto handler of type [class org.springframework.web.servlet.resource.ResourceHttpRequestHandler]
2016-04-13 14:32:24.642  INFO 13372 --- [    Test worker] o.s.d.r.w.RepositoryRestHandlerAdapter   : Looking for @ControllerAdvice: org.springframework.web.context.support.GenericWebApplicationContext@170f4bbc: startup date [Wed Apr 13 14:32:15 EDT 2016]; root of context hierarchy
2016-04-13 14:32:24.665  INFO 13372 --- [    Test worker] o.s.d.r.w.RepositoryRestHandlerMapping   : Mapped "{[/{repository}],methods=[GET],produces=[application/hal+json || application/json || application/*+json;charset=UTF-8]}" onto public org.springframework.hateoas.Resources<?> org.springframework.data.rest.webmvc.RepositoryEntityController.getCollectionResource(org.springframework.data.rest.webmvc.RootResourceInformation,org.springframework.data.rest.webmvc.support.DefaultedPageable,org.springframework.data.domain.Sort,org.springframework.data.rest.webmvc.PersistentEntityResourceAssembler) throws org.springframework.data.rest.webmvc.ResourceNotFoundException,org.springframework.web.HttpRequestMethodNotSupportedException
2016-04-13 14:32:24.666  INFO 13372 --- [    Test worker] o.s.d.r.w.RepositoryRestHandlerMapping   : Mapped "{[/{repository}],methods=[GET],produces=[application/x-spring-data-compact+json || text/uri-list]}" onto public org.springframework.hateoas.Resources<?> org.springframework.data.rest.webmvc.RepositoryEntityController.getCollectionResourceCompact(org.springframework.data.rest.webmvc.RootResourceInformation,org.springframework.data.rest.webmvc.support.DefaultedPageable,org.springframework.data.domain.Sort,org.springframework.data.rest.webmvc.PersistentEntityResourceAssembler) throws org.springframework.data.rest.webmvc.ResourceNotFoundException,org.springframework.web.HttpRequestMethodNotSupportedException
2016-04-13 14:32:24.667  INFO 13372 --- [    Test worker] o.s.d.r.w.RepositoryRestHandlerMapping   : Mapped "{[/{repository}],methods=[POST],produces=[application/hal+json || application/json || application/*+json;charset=UTF-8]}" onto public org.springframework.http.ResponseEntity<org.springframework.hateoas.ResourceSupport> org.springframework.data.rest.webmvc.RepositoryEntityController.postCollectionResource(org.springframework.data.rest.webmvc.RootResourceInformation,org.springframework.data.rest.webmvc.PersistentEntityResource,org.springframework.data.rest.webmvc.PersistentEntityResourceAssembler,java.lang.String) throws org.springframework.web.HttpRequestMethodNotSupportedException
2016-04-13 14:32:24.669  INFO 13372 --- [    Test worker] o.s.d.r.w.RepositoryRestHandlerMapping   : Mapped "{[/{repository}/{id}],methods=[OPTIONS],produces=[application/hal+json || application/json || application/*+json;charset=UTF-8]}" onto public org.springframework.http.ResponseEntity<?> org.springframework.data.rest.webmvc.RepositoryEntityController.optionsForItemResource(org.springframework.data.rest.webmvc.RootResourceInformation)
2016-04-13 14:32:24.670  INFO 13372 --- [    Test worker] o.s.d.r.w.RepositoryRestHandlerMapping   : Mapped "{[/{repository}/{id}],methods=[HEAD],produces=[application/hal+json || application/json || application/*+json;charset=UTF-8]}" onto public org.springframework.http.ResponseEntity<?> org.springframework.data.rest.webmvc.RepositoryEntityController.headForItemResource(org.springframework.data.rest.webmvc.RootResourceInformation,java.io.Serializable,org.springframework.data.rest.webmvc.PersistentEntityResourceAssembler) throws org.springframework.web.HttpRequestMethodNotSupportedException
2016-04-13 14:32:24.672  INFO 13372 --- [    Test worker] o.s.d.r.w.RepositoryRestHandlerMapping   : Mapped "{[/{repository}/{id}],methods=[GET],produces=[application/hal+json || application/json || application/*+json;charset=UTF-8]}" onto public org.springframework.http.ResponseEntity<org.springframework.hateoas.Resource<?>> org.springframework.data.rest.webmvc.RepositoryEntityController.getItemResource(org.springframework.data.rest.webmvc.RootResourceInformation,java.io.Serializable,org.springframework.data.rest.webmvc.PersistentEntityResourceAssembler,org.springframework.util.MultiValueMap<java.lang.String, java.lang.String>) throws org.springframework.web.HttpRequestMethodNotSupportedException
2016-04-13 14:32:24.673  INFO 13372 --- [    Test worker] o.s.d.r.w.RepositoryRestHandlerMapping   : Mapped "{[/{repository}],methods=[OPTIONS],produces=[application/hal+json || application/json || application/*+json;charset=UTF-8]}" onto public org.springframework.http.ResponseEntity<?> org.springframework.data.rest.webmvc.RepositoryEntityController.optionsForCollectionResource(org.springframework.data.rest.webmvc.RootResourceInformation)
2016-04-13 14:32:24.674  INFO 13372 --- [    Test worker] o.s.d.r.w.RepositoryRestHandlerMapping   : Mapped "{[/{repository}],methods=[HEAD],produces=[application/hal+json || application/json || application/*+json;charset=UTF-8]}" onto public org.springframework.http.ResponseEntity<?> org.springframework.data.rest.webmvc.RepositoryEntityController.headCollectionResource(org.springframework.data.rest.webmvc.RootResourceInformation,org.springframework.data.rest.webmvc.support.DefaultedPageable) throws org.springframework.web.HttpRequestMethodNotSupportedException
2016-04-13 14:32:24.675  INFO 13372 --- [    Test worker] o.s.d.r.w.RepositoryRestHandlerMapping   : Mapped "{[/{repository}/{id}],methods=[PUT],produces=[application/hal+json || application/json || application/*+json;charset=UTF-8]}" onto public org.springframework.http.ResponseEntity<? extends org.springframework.hateoas.ResourceSupport> org.springframework.data.rest.webmvc.RepositoryEntityController.putItemResource(org.springframework.data.rest.webmvc.RootResourceInformation,org.springframework.data.rest.webmvc.PersistentEntityResource,java.io.Serializable,org.springframework.data.rest.webmvc.PersistentEntityResourceAssembler,org.springframework.data.rest.webmvc.support.ETag,java.lang.String) throws org.springframework.web.HttpRequestMethodNotSupportedException
2016-04-13 14:32:24.676  INFO 13372 --- [    Test worker] o.s.d.r.w.RepositoryRestHandlerMapping   : Mapped "{[/{repository}/{id}],methods=[PATCH],produces=[application/hal+json || application/json || application/*+json;charset=UTF-8]}" onto public org.springframework.http.ResponseEntity<org.springframework.hateoas.ResourceSupport> org.springframework.data.rest.webmvc.RepositoryEntityController.patchItemResource(org.springframework.data.rest.webmvc.RootResourceInformation,org.springframework.data.rest.webmvc.PersistentEntityResource,java.io.Serializable,org.springframework.data.rest.webmvc.PersistentEntityResourceAssembler,org.springframework.data.rest.webmvc.support.ETag,java.lang.String) throws org.springframework.web.HttpRequestMethodNotSupportedException,org.springframework.data.rest.webmvc.ResourceNotFoundException
2016-04-13 14:32:24.680  INFO 13372 --- [    Test worker] o.s.d.r.w.RepositoryRestHandlerMapping   : Mapped "{[/{repository}/{id}],methods=[DELETE],produces=[application/hal+json || application/json || application/*+json;charset=UTF-8]}" onto public org.springframework.http.ResponseEntity<?> org.springframework.data.rest.webmvc.RepositoryEntityController.deleteItemResource(org.springframework.data.rest.webmvc.RootResourceInformation,java.io.Serializable,org.springframework.data.rest.webmvc.support.ETag) throws org.springframework.data.rest.webmvc.ResourceNotFoundException,org.springframework.web.HttpRequestMethodNotSupportedException
2016-04-13 14:32:24.686  INFO 13372 --- [    Test worker] o.s.d.r.w.RepositoryRestHandlerMapping   : Mapped "{[/ || ],methods=[OPTIONS],produces=[application/hal+json || application/json || application/*+json;charset=UTF-8]}" onto public org.springframework.http.HttpEntity<?> org.springframework.data.rest.webmvc.RepositoryController.optionsForRepositories()
2016-04-13 14:32:24.688  INFO 13372 --- [    Test worker] o.s.d.r.w.RepositoryRestHandlerMapping   : Mapped "{[/ || ],methods=[HEAD],produces=[application/hal+json || application/json || application/*+json;charset=UTF-8]}" onto public org.springframework.http.ResponseEntity<?> org.springframework.data.rest.webmvc.RepositoryController.headForRepositories()
2016-04-13 14:32:24.689  INFO 13372 --- [    Test worker] o.s.d.r.w.RepositoryRestHandlerMapping   : Mapped "{[/ || ],methods=[GET],produces=[application/hal+json || application/json || application/*+json;charset=UTF-8]}" onto public org.springframework.http.HttpEntity<org.springframework.data.rest.webmvc.RepositoryLinksResource> org.springframework.data.rest.webmvc.RepositoryController.listRepositories()
2016-04-13 14:32:24.699  INFO 13372 --- [    Test worker] o.s.d.r.w.RepositoryRestHandlerMapping   : Mapped "{[/{repository}/{id}/{property}],methods=[GET],produces=[application/hal+json || application/json || application/*+json;charset=UTF-8]}" onto public org.springframework.http.ResponseEntity<org.springframework.hateoas.ResourceSupport> org.springframework.data.rest.webmvc.RepositoryPropertyReferenceController.followPropertyReference(org.springframework.data.rest.webmvc.RootResourceInformation,java.io.Serializable,java.lang.String,org.springframework.data.rest.webmvc.PersistentEntityResourceAssembler) throws java.lang.Exception
2016-04-13 14:32:24.701  INFO 13372 --- [    Test worker] o.s.d.r.w.RepositoryRestHandlerMapping   : Mapped "{[/{repository}/{id}/{property}/{propertyId}],methods=[GET],produces=[application/hal+json || application/json || application/*+json;charset=UTF-8]}" onto public org.springframework.http.ResponseEntity<org.springframework.hateoas.ResourceSupport> org.springframework.data.rest.webmvc.RepositoryPropertyReferenceController.followPropertyReference(org.springframework.data.rest.webmvc.RootResourceInformation,java.io.Serializable,java.lang.String,java.lang.String,org.springframework.data.rest.webmvc.PersistentEntityResourceAssembler) throws java.lang.Exception
2016-04-13 14:32:24.702  INFO 13372 --- [    Test worker] o.s.d.r.w.RepositoryRestHandlerMapping   : Mapped "{[/{repository}/{id}/{property}],methods=[DELETE],produces=[application/hal+json || application/json || application/*+json;charset=UTF-8]}" onto public org.springframework.http.ResponseEntity<? extends org.springframework.hateoas.ResourceSupport> org.springframework.data.rest.webmvc.RepositoryPropertyReferenceController.deletePropertyReference(org.springframework.data.rest.webmvc.RootResourceInformation,java.io.Serializable,java.lang.String) throws java.lang.Exception
2016-04-13 14:32:24.703  INFO 13372 --- [    Test worker] o.s.d.r.w.RepositoryRestHandlerMapping   : Mapped "{[/{repository}/{id}/{property}],methods=[GET],produces=[application/x-spring-data-compact+json || text/uri-list]}" onto public org.springframework.http.ResponseEntity<org.springframework.hateoas.ResourceSupport> org.springframework.data.rest.webmvc.RepositoryPropertyReferenceController.followPropertyReferenceCompact(org.springframework.data.rest.webmvc.RootResourceInformation,java.io.Serializable,java.lang.String,org.springframework.data.rest.webmvc.PersistentEntityResourceAssembler) throws java.lang.Exception
2016-04-13 14:32:24.704  INFO 13372 --- [    Test worker] o.s.d.r.w.RepositoryRestHandlerMapping   : Mapped "{[/{repository}/{id}/{property}],methods=[PATCH || PUT || POST],consumes=[application/json || application/x-spring-data-compact+json || text/uri-list],produces=[application/hal+json || application/json || application/*+json;charset=UTF-8]}" onto public org.springframework.http.ResponseEntity<? extends org.springframework.hateoas.ResourceSupport> org.springframework.data.rest.webmvc.RepositoryPropertyReferenceController.createPropertyReference(org.springframework.data.rest.webmvc.RootResourceInformation,org.springframework.http.HttpMethod,org.springframework.hateoas.Resources<java.lang.Object>,java.io.Serializable,java.lang.String) throws java.lang.Exception
2016-04-13 14:32:24.705  INFO 13372 --- [    Test worker] o.s.d.r.w.RepositoryRestHandlerMapping   : Mapped "{[/{repository}/{id}/{property}/{propertyId}],methods=[DELETE],produces=[application/hal+json || application/json || application/*+json;charset=UTF-8]}" onto public org.springframework.http.ResponseEntity<org.springframework.hateoas.ResourceSupport> org.springframework.data.rest.webmvc.RepositoryPropertyReferenceController.deletePropertyReferenceId(org.springframework.data.rest.webmvc.RootResourceInformation,java.io.Serializable,java.lang.String,java.lang.String) throws java.lang.Exception
2016-04-13 14:32:24.708  INFO 13372 --- [    Test worker] o.s.d.r.w.RepositoryRestHandlerMapping   : Mapped "{[/{repository}/search],methods=[HEAD],produces=[application/hal+json || application/json || application/*+json;charset=UTF-8]}" onto public org.springframework.http.HttpEntity<?> org.springframework.data.rest.webmvc.RepositorySearchController.headForSearches(org.springframework.data.rest.webmvc.RootResourceInformation)
2016-04-13 14:32:24.708  INFO 13372 --- [    Test worker] o.s.d.r.w.RepositoryRestHandlerMapping   : Mapped "{[/{repository}/search],methods=[OPTIONS],produces=[application/hal+json || application/json || application/*+json;charset=UTF-8]}" onto public org.springframework.http.HttpEntity<?> org.springframework.data.rest.webmvc.RepositorySearchController.optionsForSearches(org.springframework.data.rest.webmvc.RootResourceInformation)
2016-04-13 14:32:24.709  INFO 13372 --- [    Test worker] o.s.d.r.w.RepositoryRestHandlerMapping   : Mapped "{[/{repository}/search],methods=[GET],produces=[application/hal+json || application/json || application/*+json;charset=UTF-8]}" onto public org.springframework.data.rest.webmvc.RepositorySearchesResource org.springframework.data.rest.webmvc.RepositorySearchController.listSearches(org.springframework.data.rest.webmvc.RootResourceInformation)
2016-04-13 14:32:24.710  INFO 13372 --- [    Test worker] o.s.d.r.w.RepositoryRestHandlerMapping   : Mapped "{[/{repository}/search/{search}],methods=[GET],produces=[application/hal+json || application/json || application/*+json;charset=UTF-8]}" onto public org.springframework.http.ResponseEntity<java.lang.Object> org.springframework.data.rest.webmvc.RepositorySearchController.executeSearch(org.springframework.data.rest.webmvc.RootResourceInformation,org.springframework.util.MultiValueMap<java.lang.String, java.lang.Object>,java.lang.String,org.springframework.data.rest.webmvc.support.DefaultedPageable,org.springframework.data.domain.Sort,org.springframework.data.rest.webmvc.PersistentEntityResourceAssembler)
2016-04-13 14:32:24.711  INFO 13372 --- [    Test worker] o.s.d.r.w.RepositoryRestHandlerMapping   : Mapped "{[/{repository}/search/{search}],methods=[GET],produces=[application/x-spring-data-compact+json]}" onto public org.springframework.hateoas.ResourceSupport org.springframework.data.rest.webmvc.RepositorySearchController.executeSearchCompact(org.springframework.data.rest.webmvc.RootResourceInformation,org.springframework.util.MultiValueMap<java.lang.String, java.lang.Object>,java.lang.String,java.lang.String,org.springframework.data.rest.webmvc.support.DefaultedPageable,org.springframework.data.domain.Sort,org.springframework.data.rest.webmvc.PersistentEntityResourceAssembler)
2016-04-13 14:32:24.712  INFO 13372 --- [    Test worker] o.s.d.r.w.RepositoryRestHandlerMapping   : Mapped "{[/{repository}/search/{search}],methods=[OPTIONS],produces=[application/hal+json || application/json || application/*+json;charset=UTF-8]}" onto public org.springframework.http.ResponseEntity<java.lang.Object> org.springframework.data.rest.webmvc.RepositorySearchController.optionsForSearch(org.springframework.data.rest.webmvc.RootResourceInformation,java.lang.String)
2016-04-13 14:32:24.712  INFO 13372 --- [    Test worker] o.s.d.r.w.RepositoryRestHandlerMapping   : Mapped "{[/{repository}/search/{search}],methods=[HEAD],produces=[application/hal+json || application/json || application/*+json;charset=UTF-8]}" onto public org.springframework.http.ResponseEntity<java.lang.Object> org.springframework.data.rest.webmvc.RepositorySearchController.headForSearch(org.springframework.data.rest.webmvc.RootResourceInformation,java.lang.String)
2016-04-13 14:32:24.717  INFO 13372 --- [    Test worker] o.s.d.r.w.BasePathAwareHandlerMapping    : Mapped "{[/profile],methods=[OPTIONS]}" onto public org.springframework.http.HttpEntity<?> org.springframework.data.rest.webmvc.ProfileController.profileOptions()
2016-04-13 14:32:24.717  INFO 13372 --- [    Test worker] o.s.d.r.w.BasePathAwareHandlerMapping    : Mapped "{[/profile],methods=[GET]}" onto org.springframework.http.HttpEntity<org.springframework.hateoas.ResourceSupport> org.springframework.data.rest.webmvc.ProfileController.listAllFormsOfMetadata()
2016-04-13 14:32:24.718  INFO 13372 --- [    Test worker] o.s.d.r.w.BasePathAwareHandlerMapping    : Mapped "{[/profile/{repository}],methods=[GET],produces=[application/schema+json]}" onto public org.springframework.http.HttpEntity<org.springframework.data.rest.webmvc.json.JsonSchema> org.springframework.data.rest.webmvc.RepositorySchemaController.schema(org.springframework.data.rest.webmvc.RootResourceInformation)
2016-04-13 14:32:24.721  INFO 13372 --- [    Test worker] o.s.d.r.w.BasePathAwareHandlerMapping    : Mapped "{[/profile/{repository}],methods=[GET],produces=[application/alps+json || */*]}" onto org.springframework.http.HttpEntity<org.springframework.data.rest.webmvc.RootResourceInformation> org.springframework.data.rest.webmvc.alps.AlpsController.descriptor(org.springframework.data.rest.webmvc.RootResourceInformation)
2016-04-13 14:32:24.721  INFO 13372 --- [    Test worker] o.s.d.r.w.BasePathAwareHandlerMapping    : Mapped "{[/profile/{repository}],methods=[OPTIONS],produces=[application/alps+json]}" onto org.springframework.http.HttpEntity<?> org.springframework.data.rest.webmvc.alps.AlpsController.alpsOptions()
2016-04-13 14:32:24.746  INFO 13372 --- [    Test worker] .m.m.a.ExceptionHandlerExceptionResolver : Detected @ExceptionHandler methods in repositoryRestExceptionHandler
2016-04-13 14:32:25.027  INFO 13372 --- [    Test worker] com.theironyard.SurfSupApplicationTests  : Started SurfSupApplicationTests in 10.491 seconds (JVM running for 13.261)
2016-04-13 14:32:25.096  INFO 13372 --- [    Test worker] o.s.b.test.SpringBootMockServletContext  : Initializing Spring FrameworkServlet ''
2016-04-13 14:32:25.096  INFO 13372 --- [    Test worker] o.s.t.web.servlet.TestDispatcherServlet  : FrameworkServlet '': initialization started
2016-04-13 14:32:25.121  INFO 13372 --- [    Test worker] o.s.t.web.servlet.TestDispatcherServlet  : FrameworkServlet '': initialization completed in 25 ms
2016-04-13 14:32:26.570  INFO 13372 --- [    Test worker] o.s.b.test.SpringBootMockServletContext  : Initializing Spring FrameworkServlet ''
2016-04-13 14:32:26.570  INFO 13372 --- [    Test worker] o.s.t.web.servlet.TestDispatcherServlet  : FrameworkServlet '': initialization started
2016-04-13 14:32:26.575  INFO 13372 --- [    Test worker] o.s.t.web.servlet.TestDispatcherServlet  : FrameworkServlet '': initialization completed in 5 ms
2016-04-13 14:32:26.773  INFO 13372 --- [    Test worker] o.s.b.test.SpringBootMockServletContext  : Initializing Spring FrameworkServlet ''
2016-04-13 14:32:26.774  INFO 13372 --- [    Test worker] o.s.t.web.servlet.TestDispatcherServlet  : FrameworkServlet '': initialization started
2016-04-13 14:32:26.778  INFO 13372 --- [    Test worker] o.s.t.web.servlet.TestDispatcherServlet  : FrameworkServlet '': initialization completed in 4 ms
2016-04-13 14:32:26.783  WARN 13372 --- [    Test worker] o.s.web.servlet.PageNotFound             : Request method 'POST' not supported
]]></system-out>
  <system-err><![CDATA[]]></system-err>
</testsuite>
